2023-10-13 17:31:43,477 - pretraitement - INFO - Chargement des données
2023-10-13 17:33:01,713 - pretraitement - INFO - Chargement des données
2023-10-13 17:35:04,868 - pretraitement - INFO - Chargement des données
2023-10-13 17:39:13,489 - pretraitement - INFO - Chargement des données
2023-10-13 17:39:13,532 - pretraitement - INFO - Exploration des données
2023-10-13 17:39:13,554 - pretraitement - INFO - Nettoyage des données
2023-10-13 17:40:10,300 - pretraitement - INFO - Chargement des données
2023-10-13 17:40:42,221 - pretraitement - INFO - Chargement des données
2023-10-13 17:43:12,927 - pretraitement - INFO - Chargement des données
2023-10-13 17:44:27,206 - pretraitement - INFO - Chargement des données
2023-10-13 17:45:30,851 - pretraitement - INFO - Chargement des données
2023-10-13 17:46:39,476 - pretraitement - INFO - Chargement des données
2023-10-13 17:51:22,121 - pretraitement - INFO - Chargement des données
2023-10-13 17:51:52,574 - pretraitement - INFO - Chargement des données
2023-10-13 17:55:40,912 - pretraitement - INFO - Chargement des données
2023-10-13 17:58:03,049 - pretraitement - INFO - Chargement des données
2023-10-13 17:58:21,605 - pretraitement - INFO - Chargement des données
2023-10-13 17:59:27,837 - pretraitement - INFO - Chargement des données
2023-10-13 18:00:20,714 - pretraitement - INFO - Chargement des données
2023-10-14 12:26:49,144 - pretraitement - INFO - Chargement des données
2023-10-14 12:29:06,037 - pretraitement - INFO - Chargement des données
2023-10-14 12:33:22,355 - pretraitement - INFO - Chargement des données
2023-10-14 13:01:22,291 - pretraitement - INFO - Chargement des données
2023-10-14 13:04:08,836 - pretraitement - INFO - Chargement des données
2023-10-14 13:04:25,538 - pretraitement - INFO - Chargement des données
2023-10-14 13:06:59,981 - pretraitement - INFO - Chargement des données
2023-10-14 13:09:51,275 - pretraitement - INFO - Chargement des données
2023-10-14 13:12:55,118 - pretraitement - INFO - Chargement des données
2023-10-14 13:14:45,239 - pretraitement - INFO - Chargement des données
2023-10-14 13:16:49,567 - pretraitement - INFO - Chargement des données
2023-10-14 13:31:03,245 - pretraitement - INFO - Chargement des données
2023-10-14 13:33:49,297 - pretraitement - INFO - Chargement des données
2023-10-14 13:35:45,131 - pretraitement - INFO - Chargement des données
2023-10-14 13:41:08,190 - pretraitement - INFO - Chargement des données
2023-10-14 13:41:54,052 - pretraitement - INFO - Chargement des données
2023-10-14 13:43:15,398 - pretraitement - INFO - Chargement des données
2023-10-14 14:09:22,273 - pretraitement - INFO - Chargement des données
2023-10-14 14:17:26,523 - pretraitement - INFO - Chargement des données
2023-10-14 14:19:43,297 - pretraitement - INFO - Chargement des données
2023-10-14 14:21:12,138 - pretraitement - INFO - Chargement des données
2023-10-14 14:38:44,009 - pretraitement - INFO - Chargement des données
2023-10-14 14:39:53,715 - pretraitement - INFO - Chargement des données
2023-10-14 14:41:38,971 - pretraitement - INFO - Chargement des données
2023-10-14 14:43:14,557 - pretraitement - INFO - Chargement des données
2023-10-14 14:47:55,042 - pretraitement - INFO - Chargement des données
2023-10-14 14:48:20,239 - pretraitement - INFO - Chargement des données
2023-10-14 14:52:03,199 - pretraitement - INFO - Chargement des données
2023-10-14 14:59:30,969 - pretraitement - INFO - Chargement des données
2023-10-14 14:59:30,997 - root - INFO - Apprentissage
2023-10-14 15:00:31,228 - pretraitement - INFO - Chargement des données
2023-10-14 15:00:31,260 - root - INFO - Apprentissage
2023-10-14 15:02:14,389 - pretraitement - INFO - Chargement des données
2023-10-14 15:02:14,417 - root - INFO - Apprentissage
2023-10-14 15:02:34,227 - pretraitement - INFO - Chargement des données
2023-10-14 15:02:34,262 - root - INFO - Apprentissage
2023-10-14 15:07:28,764 - pretraitement - INFO - Chargement des données
2023-10-14 15:07:28,809 - root - INFO - Apprentissage
2023-10-14 15:08:59,804 - pretraitement - INFO - Chargement des données
2023-10-14 15:08:59,836 - root - INFO - Apprentissage
2023-10-14 15:10:20,901 - pretraitement - INFO - Chargement des données
2023-10-14 15:10:20,932 - root - INFO - Apprentissage
2023-10-14 15:22:20,659 - pretraitement - INFO - Chargement des données
2023-10-14 15:22:20,694 - root - INFO - Apprentissage
2023-10-14 15:27:41,222 - pretraitement - INFO - Chargement des données
2023-10-14 15:27:41,251 - root - INFO - Apprentissage
2023-10-14 15:27:59,238 - pretraitement - INFO - Chargement des données
2023-10-14 15:27:59,269 - root - INFO - Apprentissage
2023-10-14 15:28:24,375 - pretraitement - INFO - Chargement des données
2023-10-14 15:28:24,405 - root - INFO - Apprentissage
2023-10-14 15:33:14,068 - pretraitement - INFO - Chargement des données
2023-10-14 15:33:14,102 - root - INFO - Apprentissage
2023-10-14 15:36:20,060 - pretraitement - INFO - Chargement des données
2023-10-14 15:36:20,093 - root - INFO - Apprentissage
2023-10-14 15:36:33,232 - pretraitement - INFO - Chargement des données
2023-10-14 15:36:33,266 - root - INFO - Apprentissage
2023-10-14 15:41:45,715 - pretraitement - INFO - Chargement des données
2023-10-14 15:41:45,744 - root - INFO - Apprentissage
2023-10-14 15:42:04,234 - pretraitement - INFO - Chargement des données
2023-10-14 15:42:04,263 - root - INFO - Apprentissage
2023-10-14 15:42:35,082 - pretraitement - INFO - Chargement des données
2023-10-14 15:42:35,116 - root - INFO - Apprentissage
2023-10-14 15:42:54,708 - pretraitement - INFO - Chargement des données
2023-10-14 15:42:54,742 - root - INFO - Apprentissage
2023-10-14 15:50:16,054 - pretraitement - INFO - Chargement des données
2023-10-14 15:50:16,090 - root - INFO - Apprentissage
2023-10-14 15:51:30,883 - pretraitement - INFO - Chargement des données
2023-10-14 15:51:30,915 - root - INFO - Apprentissage
2023-10-14 15:52:23,272 - pretraitement - INFO - Chargement des données
2023-10-14 15:52:23,302 - root - INFO - Apprentissage
2023-10-14 16:05:31,950 - pretraitement - INFO - Chargement des données
2023-10-14 16:05:31,977 - root - INFO - Apprentissage
2023-10-14 16:06:32,074 - pretraitement - INFO - Chargement des données
2023-10-14 16:06:32,105 - root - INFO - Apprentissage
2023-10-14 16:15:16,852 - pretraitement - INFO - Chargement des données
2023-10-14 16:15:16,884 - root - INFO - Apprentissage
2023-10-14 16:16:17,115 - pretraitement - INFO - Chargement des données
2023-10-14 16:16:17,151 - root - INFO - Apprentissage
2023-10-14 16:32:18,774 - pretraitement - INFO - Chargement des données
2023-10-14 16:32:18,802 - root - INFO - Apprentissage
2023-10-14 17:13:49,931 - pretraitement - INFO - Chargement des données
2023-10-14 17:13:49,978 - root - INFO - Apprentissage
2023-10-14 17:14:16,874 - pretraitement - INFO - Chargement des données
2023-10-14 17:14:16,906 - root - INFO - Apprentissage
2023-10-14 17:16:25,813 - pretraitement - INFO - Chargement des données
2023-10-14 17:16:25,843 - root - INFO - Apprentissage
2023-10-14 17:18:07,611 - pretraitement - INFO - Chargement des données
2023-10-14 17:18:07,646 - root - INFO - Apprentissage
2023-10-14 17:20:42,379 - pretraitement - INFO - Chargement des données
2023-10-14 17:20:42,409 - root - INFO - Apprentissage
2023-10-14 18:21:11,377 - pretraitement - INFO - Chargement des données
2023-10-14 18:21:11,413 - root - INFO - Apprentissage
2023-10-14 18:22:09,514 - pretraitement - INFO - Chargement des données
2023-10-14 18:22:09,548 - root - INFO - Apprentissage
2023-10-14 18:23:01,323 - pretraitement - INFO - Chargement des données
2023-10-14 18:23:01,363 - root - INFO - Apprentissage
2023-10-14 18:23:38,016 - pretraitement - INFO - Chargement des données
2023-10-14 18:23:38,047 - root - INFO - Apprentissage
2023-10-14 18:26:36,419 - pretraitement - INFO - Chargement des données
2023-10-14 18:26:36,448 - root - INFO - Apprentissage
2023-10-14 18:57:13,322 - pretraitement - INFO - Chargement des données
2023-10-14 18:57:13,352 - root - INFO - Apprentissage
2023-10-14 19:00:07,631 - pretraitement - INFO - Chargement des données
2023-10-14 19:00:07,665 - root - INFO - Apprentissage
2023-10-14 19:00:35,698 - pretraitement - INFO - Chargement des données
2023-10-14 19:00:35,728 - root - INFO - Apprentissage
2023-10-14 19:04:17,840 - pretraitement - INFO - Chargement des données
2023-10-14 19:04:17,886 - root - INFO - Apprentissage
2023-10-14 19:08:12,992 - pretraitement - INFO - Chargement des données
2023-10-14 19:08:13,023 - root - INFO - Apprentissage
2023-10-14 19:12:30,406 - pretraitement - INFO - Chargement des données
2023-10-14 19:12:30,437 - root - INFO - Apprentissage
2023-10-15 08:25:25,166 - pretraitement - INFO - Chargement des données
2023-10-15 08:25:25,223 - root - INFO - Apprentissage
2023-10-15 08:35:24,837 - pretraitement - INFO - Chargement des données
2023-10-15 08:35:24,881 - root - INFO - Apprentissage
2023-10-15 08:40:37,718 - pretraitement - INFO - Chargement des données
2023-10-15 08:40:37,754 - root - INFO - Apprentissage
2023-10-15 08:43:13,307 - pretraitement - INFO - Chargement des données
2023-10-15 08:43:13,343 - root - INFO - Apprentissage
2023-10-15 08:50:12,429 - pretraitement - INFO - Chargement des données
2023-10-15 08:50:12,465 - root - INFO - Apprentissage
2023-10-15 08:50:45,264 - pretraitement - INFO - Chargement des données
2023-10-15 08:50:45,294 - root - INFO - Apprentissage
2023-10-15 11:34:01,900 - pretraitement - INFO - Chargement des données
2023-10-15 11:34:01,950 - root - INFO - Apprentissage
2023-10-15 11:37:51,597 - pretraitement - INFO - Chargement des données
2023-10-15 11:37:51,625 - root - INFO - Apprentissage
2023-10-15 11:38:38,991 - pretraitement - INFO - Chargement des données
2023-10-15 11:38:39,024 - root - INFO - Apprentissage
2023-10-15 11:39:07,155 - pretraitement - INFO - Chargement des données
2023-10-15 11:39:07,186 - root - INFO - Apprentissage
2023-10-15 11:40:28,031 - pretraitement - INFO - Chargement des données
2023-10-15 11:40:28,068 - root - INFO - Apprentissage
2023-10-15 11:41:35,242 - pretraitement - INFO - Chargement des données
2023-10-15 11:41:35,272 - root - INFO - Apprentissage
2023-10-15 13:14:03,624 - pretraitement - INFO - Chargement des données
2023-10-15 13:14:03,706 - root - INFO - Apprentissage
2023-10-15 13:29:15,920 - pretraitement - INFO - Chargement des données
2023-10-15 13:29:37,461 - pretraitement - INFO - Chargement des données
2023-10-15 13:29:37,493 - root - INFO - Prédictions
2023-10-15 13:33:16,994 - pretraitement - INFO - Chargement des données
2023-10-15 13:33:17,028 - root - INFO - Prédictions
2023-10-15 13:34:44,042 - pretraitement - INFO - Chargement des données
2023-10-15 13:34:44,079 - root - INFO - Prédictions
2023-10-15 13:35:00,415 - pretraitement - INFO - Chargement des données
2023-10-15 13:35:00,446 - root - INFO - Prédictions
2023-10-15 13:35:24,349 - pretraitement - INFO - Chargement des données
2023-10-15 13:35:24,379 - root - INFO - Prédictions
2023-10-15 13:37:23,124 - pretraitement - INFO - Chargement des données
2023-10-15 13:37:23,157 - root - INFO - Prédictions
2023-10-15 13:38:29,333 - pretraitement - INFO - Chargement des données
2023-10-15 13:38:29,365 - root - INFO - Prédictions
2023-10-15 13:39:01,518 - pretraitement - INFO - Chargement des données
2023-10-15 13:39:01,551 - root - INFO - Prédictions
2023-10-15 13:44:14,440 - pretraitement - INFO - Chargement des données
2023-10-15 13:44:14,469 - root - INFO - Prédictions
2023-10-15 13:49:46,953 - pretraitement - INFO - Chargement des données
2023-10-15 13:49:46,981 - root - INFO - Prédictions
2023-10-15 13:51:18,610 - pretraitement - INFO - Chargement des données
2023-10-15 13:51:18,640 - root - INFO - Prédictions
2023-10-15 14:06:17,252 - pretraitement - INFO - Chargement des données
2023-10-15 14:06:17,291 - root - INFO - Prédictions
2023-10-15 14:06:18,408 - root - INFO - FIN
2023-10-15 14:06:59,365 - pretraitement - INFO - Chargement des données
2023-10-15 14:06:59,394 - root - INFO - Debut de l'apprentissage
2023-10-15 14:07:09,917 - root - INFO - Fin de l'apprentissage
2023-10-15 14:07:09,918 - root - INFO - Prédictions
2023-10-15 14:07:11,566 - root - INFO - FIN
2023-10-15 14:18:15,962 - pretraitement - INFO - Chargement des données
2023-10-15 14:18:16,015 - root - INFO - Debut de l'apprentissage
2023-10-15 14:18:26,178 - root - INFO - Fin de l'apprentissage
2023-10-15 14:18:26,178 - root - INFO - Prédictions
2023-10-15 14:18:27,729 - root - INFO - FIN
2023-10-15 22:17:30,397 - pretraitement - INFO - Chargement des données
2023-10-15 22:17:30,444 - pretraitement - INFO - Choix des meilleurs paramètres pour le modèle
2023-10-15 22:19:27,486 - root - INFO - Debut de l'apprentissage
2023-10-15 22:19:55,767 - root - INFO - Fin de l'apprentissage
2023-10-15 22:19:55,768 - root - INFO - Prédictions
2023-10-15 22:19:57,951 - root - INFO - FIN
2023-10-16 13:33:27,694 - pretraitement - INFO - Chargement des données
2023-10-16 13:33:27,745 - pretraitement - INFO - Choix des meilleurs paramètres pour le modèle
2023-10-16 13:34:06,999 - pretraitement - INFO - Chargement des données
2023-10-16 13:34:07,034 - pretraitement - INFO - Exploration des données
2023-10-16 13:34:07,050 - pretraitement - INFO - Nettoyage des données
2023-10-16 13:34:07,208 - pretraitement - INFO - Choix des meilleurs paramètres pour le modèle
2023-10-16 13:35:41,582 - root - INFO - Debut de l'apprentissage
2023-10-16 13:35:54,398 - root - INFO - Fin de l'apprentissage
2023-10-16 13:35:54,399 - root - INFO - Prédictions
2023-10-16 13:35:56,396 - root - INFO - FIN
2023-10-16 13:36:17,653 - root - INFO - Debut de l'apprentissage
2023-10-16 13:36:40,787 - root - INFO - Fin de l'apprentissage
2023-10-16 13:36:40,787 - root - INFO - Prédictions
2023-10-16 13:36:42,470 - root - INFO - FIN
2023-10-16 13:38:11,361 - pretraitement - INFO - Chargement des données
2023-10-16 13:38:11,394 - pretraitement - INFO - Exploration des données
2023-10-16 13:38:11,397 - pretraitement - INFO - Nettoyage des données
2023-10-16 13:38:11,541 - pretraitement - INFO - Choix des meilleurs paramètres pour le modèle
2023-10-16 13:40:13,487 - root - INFO - Debut de l'apprentissage
2023-10-16 13:40:15,823 - root - INFO - Fin de l'apprentissage
2023-10-16 13:40:15,824 - root - INFO - Prédictions
2023-10-16 13:40:16,164 - root - INFO - FIN
2023-10-16 13:42:33,968 - pretraitement - INFO - Chargement des données
2023-10-16 13:42:33,999 - pretraitement - INFO - Exploration des données
2023-10-16 13:42:34,003 - pretraitement - INFO - Nettoyage des données
2023-10-16 13:42:34,135 - pretraitement - INFO - Choix des meilleurs paramètres pour le modèle
2023-10-16 13:45:05,966 - root - INFO - Debut de l'apprentissage
2023-10-16 13:45:15,599 - root - INFO - Fin de l'apprentissage
2023-10-16 13:45:15,599 - root - INFO - Prédictions
2023-10-16 13:45:16,359 - root - INFO - FIN
2023-10-16 14:51:44,838 - pretraitement - INFO - Chargement des données
2023-10-16 14:51:44,884 - root - INFO - Debut de l'apprentissage
2023-10-16 14:51:49,448 - root - INFO - Fin de l'apprentissage
2023-10-16 14:51:49,449 - root - INFO - Prédictions
2023-10-16 14:51:49,992 - root - INFO - FIN
